[0.360s] Invoking command in '/home/jerry/Code/ROS2/test_2/build/rviz_plugin_tutorials': CMAKE_PREFIX_PATH=/home/jerry/Code/ROS2/test_2/install/test_2_interfaces:/home/jerry/Code/ROS2/test_2/install/my_rviz_plugin:/home/jerry/Code/ROS2/test_2/install/rviz_plugin_tutorials:/home/jerry/Code/ROS2/test_2/install/rviz_plugin_sum_product:/home/jerry/Code/ROS2/test_2/install LD_LIBRARY_PATH=/home/jerry/Code/ROS2/test_2/install/test_2_interfaces/lib:/home/jerry/Code/ROS2/test_2/install/my_rviz_plugin/lib:/opt/ros/humble/opt/rviz_ogre_vendor/lib:/opt/ros/humble/lib/x86_64-linux-gnu:/opt/ros/humble/lib:/usr/lib/wsl/lib:/usr/local/cuda-11.7/lib64 /usr/bin/cmake --build /home/jerry/Code/ROS2/test_2/build/rviz_plugin_tutorials -- -j12 -l12
[0.381s] -- Found ament_cmake: 1.3.10 (/opt/ros/humble/share/ament_cmake/cmake)
[0.488s] -- Found geometry_msgs: 4.2.4 (/opt/ros/humble/share/geometry_msgs/cmake)
[0.995s] -- Found rosidl_generator_c: 3.1.5 (/opt/ros/humble/share/rosidl_generator_c/cmake)
[0.997s] -- Found rosidl_adapter: 3.1.5 (/opt/ros/humble/share/rosidl_adapter/cmake)
[1.002s] -- Found rosidl_generator_cpp: 3.1.5 (/opt/ros/humble/share/rosidl_generator_cpp/cmake)
[1.010s] -- Using all available rosidl_typesupport_c: rosidl_typesupport_fastrtps_c;rosidl_typesupport_introspection_c
[1.022s] -- Using all available rosidl_typesupport_cpp: rosidl_typesupport_fastrtps_cpp;rosidl_typesupport_introspection_cpp
[1.056s] -- Found pluginlib: 5.1.0 (/opt/ros/humble/share/pluginlib/cmake)
[6.828s] -- Found rclcpp: 16.0.10 (/opt/ros/humble/share/rclcpp/cmake)
[7.012s] -- Found rmw_implementation_cmake: 6.1.2 (/opt/ros/humble/share/rmw_implementation_cmake/cmake)
[7.013s] -- Found rmw_fastrtps_cpp: 6.2.7 (/opt/ros/humble/share/rmw_fastrtps_cpp/cmake)
[7.031s] -- Found TinyXML2 via Config file: TinyXML2_DIR-NOTFOUND
[7.039s] -- Found TinyXML2 via Config file: TinyXML2_DIR-NOTFOUND
[7.332s] -- Found TinyXML2 via Config file: TinyXML2_DIR-NOTFOUND
[7.340s] -- Found TinyXML2 via Config file: TinyXML2_DIR-NOTFOUND
[7.606s] -- Using RMW implementation 'rmw_fastrtps_cpp' as default
[7.643s] -- Found rviz_common: 11.2.13 (/opt/ros/humble/share/rviz_common/cmake)
[7.645s] -- Setting assimp_DIR to: '/opt/ros/humble/share/rviz_assimp_vendor/cmake/../../../opt/rviz_assimp_vendor/lib/cmake/assimp-4.1'
[7.649s] -- Setting OGRE_DIR to: '/opt/ros/humble/share/rviz_ogre_vendor/cmake/../../../opt/rviz_ogre_vendor/lib/OGRE/cmake'
[7.650s] -- Found OGRE
[7.650s] --   static     : OFF
[7.650s] --   components : HLMS;MeshLodGenerator;Overlay;Paging;Property;RTShaderSystem;Terrain;Volume
[7.650s] --   plugins    : Plugin_BSPSceneManager;Plugin_OctreeSceneManager;Plugin_PCZSceneManager;Plugin_ParticleFX;RenderSystem_GL;RenderSystem_GL3Plus;Codec_STBI
[7.651s] --   media      : /opt/ros/humble/opt/rviz_ogre_vendor/share/OGRE/Media
[7.651s] -- OGRE_LIBRARIES: OgreHLMS;OgreMeshLodGenerator;OgreOverlay;OgrePaging;OgreProperty;OgreRTShaderSystem;OgreTerrain;OgreVolume;OgreMain
[7.651s] -- OGRE_LIBRARY_DIRS: /opt/ros/humble/opt/rviz_ogre_vendor/lib
[7.651s] -- OGRE_PLUGINS: Plugin_BSPSceneManager;Plugin_OctreeSceneManager;Plugin_PCZSceneManager;Plugin_ParticleFX;RenderSystem_GL;RenderSystem_GL3Plus;Codec_STBI
[7.651s] -- OGRE_PLUGIN_DIR: /opt/ros/humble/opt/rviz_ogre_vendor/lib/OGRE
[7.651s] -- rviz_ogre_vendor::OgreOverlay for IMPORTED_LOCATION_RELEASE: /opt/ros/humble/opt/rviz_ogre_vendor/lib/libOgreOverlay.so
[7.651s] -- rviz_ogre_vendor::OgreOverlay for IMPORTED_LOCATION_DEBUG: /opt/ros/humble/opt/rviz_ogre_vendor/lib/libOgreOverlay.so
[7.651s] -- rviz_ogre_vendor::OgreMain for IMPORTED_LOCATION_RELEASE: /opt/ros/humble/opt/rviz_ogre_vendor/lib/libOgreMain.so
[7.651s] -- rviz_ogre_vendor::OgreMain for IMPORTED_LOCATION_DEBUG: /opt/ros/humble/opt/rviz_ogre_vendor/lib/libOgreMain.so
[7.795s] -- Could not find freeimage library
[20.457s] -- library: /usr/lib/x86_64-linux-gnu/libcurl.so
[20.487s] -- Ensuring Eigen3 include directory is part of orocos-kdl CMake target
[20.570s] -- Found test_2_interfaces: 0.0.0 (/home/jerry/Code/ROS2/test_2/install/test_2_interfaces/share/test_2_interfaces/cmake)
[20.581s] [31mCMake Error at CMakeLists.txt:98 (install):
[20.581s]   install TARGETS given target "my_rviz_plugin" which does not exist.
[20.581s] 
[20.581s] [0m
[20.629s] Error parsing '/home/jerry/Code/ROS2/test_2/src/rviz_plugin_tutorials/package.xml':
[20.670s] Traceback (most recent call last):
[20.671s]   File "/opt/ros/humble/share/ament_cmake_core/cmake/core/package_xml_2_cmake.py", line 150, in <module>
[20.671s]     main()
[20.671s]   File "/opt/ros/humble/share/ament_cmake_core/cmake/core/package_xml_2_cmake.py", line 53, in main
[20.671s]     raise e
[20.671s]   File "/opt/ros/humble/share/ament_cmake_core/cmake/core/package_xml_2_cmake.py", line 49, in main
[20.671s]     package = parse_package_string(
[20.671s]   File "/usr/lib/python3/dist-packages/catkin_pkg/package.py", line 719, in parse_package_string
[20.671s]     export_node = _get_optional_node(root, 'export', filename)
[20.671s]   File "/usr/lib/python3/dist-packages/catkin_pkg/package.py", line 807, in _get_optional_node
[20.671s]     raise InvalidPackage('The manifest must not contain more than one "%s" tags' % tagname, filename)
[20.671s] catkin_pkg.package.InvalidPackage: Error(s) in package '/home/jerry/Code/ROS2/test_2/src/rviz_plugin_tutorials/package.xml':
[20.671s] The manifest must not contain more than one "export" tags
[20.684s] [31mCMake Error at /opt/ros/humble/share/ament_cmake_core/cmake/core/ament_package_xml.cmake:95 (message):
[20.684s]   execute_process(/usr/bin/python3
[20.684s]   /opt/ros/humble/share/ament_cmake_core/cmake/core/package_xml_2_cmake.py
[20.684s]   /home/jerry/Code/ROS2/test_2/src/rviz_plugin_tutorials/package.xml
[20.684s]   /home/jerry/Code/ROS2/test_2/build/rviz_plugin_tutorials/ament_cmake_core/package.cmake)
[20.684s]   returned error code 1
[20.684s] Call Stack (most recent call first):
[20.684s]   /opt/ros/humble/share/ament_cmake_core/cmake/core/ament_package_xml.cmake:49 (_ament_package_xml)
[20.684s]   /opt/ros/humble/share/ament_cmake_core/cmake/core/ament_package.cmake:63 (ament_package_xml)
[20.684s]   CMakeLists.txt:106 (ament_package)
[20.685s] 
[20.685s] [0m
[20.685s] -- Configuring incomplete, errors occurred!
[20.685s] See also "/home/jerry/Code/ROS2/test_2/build/rviz_plugin_tutorials/CMakeFiles/CMakeOutput.log".
[20.694s] gmake: *** [Makefile:443: cmake_check_build_system] Error 1
[20.696s] Invoked command in '/home/jerry/Code/ROS2/test_2/build/rviz_plugin_tutorials' returned '2': CMAKE_PREFIX_PATH=/home/jerry/Code/ROS2/test_2/install/test_2_interfaces:/home/jerry/Code/ROS2/test_2/install/my_rviz_plugin:/home/jerry/Code/ROS2/test_2/install/rviz_plugin_tutorials:/home/jerry/Code/ROS2/test_2/install/rviz_plugin_sum_product:/home/jerry/Code/ROS2/test_2/install LD_LIBRARY_PATH=/home/jerry/Code/ROS2/test_2/install/test_2_interfaces/lib:/home/jerry/Code/ROS2/test_2/install/my_rviz_plugin/lib:/opt/ros/humble/opt/rviz_ogre_vendor/lib:/opt/ros/humble/lib/x86_64-linux-gnu:/opt/ros/humble/lib:/usr/lib/wsl/lib:/usr/local/cuda-11.7/lib64 /usr/bin/cmake --build /home/jerry/Code/ROS2/test_2/build/rviz_plugin_tutorials -- -j12 -l12
