[0.370s] Invoking command in '/home/jerry/Code/ROS2/test_2/build/rviz_plugin_tutorials': CMAKE_PREFIX_PATH=/home/jerry/Code/ROS2/test_2/install/test_2_interfaces:/home/jerry/Code/ROS2/test_2/install/my_rviz_plugin:/home/jerry/Code/ROS2/test_2/install/rviz_plugin_tutorials:/home/jerry/Code/ROS2/test_2/install/rviz_plugin_sum_product:/home/jerry/Code/ROS2/test_2/install LD_LIBRARY_PATH=/home/jerry/Code/ROS2/test_2/install/test_2_interfaces/lib:/home/jerry/Code/ROS2/test_2/install/my_rviz_plugin/lib:/opt/ros/humble/opt/rviz_ogre_vendor/lib:/opt/ros/humble/lib/x86_64-linux-gnu:/opt/ros/humble/lib:/usr/lib/wsl/lib:/usr/local/cuda-11.7/lib64 /usr/bin/cmake --build /home/jerry/Code/ROS2/test_2/build/rviz_plugin_tutorials -- -j12 -l12
[0.452s] -- Found ament_cmake: 1.3.10 (/opt/ros/humble/share/ament_cmake/cmake)
[0.602s] -- Found geometry_msgs: 4.2.4 (/opt/ros/humble/share/geometry_msgs/cmake)
[1.124s] -- Found rosidl_generator_c: 3.1.5 (/opt/ros/humble/share/rosidl_generator_c/cmake)
[1.128s] -- Found rosidl_adapter: 3.1.5 (/opt/ros/humble/share/rosidl_adapter/cmake)
[1.140s] -- Found rosidl_generator_cpp: 3.1.5 (/opt/ros/humble/share/rosidl_generator_cpp/cmake)
[1.158s] -- Using all available rosidl_typesupport_c: rosidl_typesupport_fastrtps_c;rosidl_typesupport_introspection_c
[1.179s] -- Using all available rosidl_typesupport_cpp: rosidl_typesupport_fastrtps_cpp;rosidl_typesupport_introspection_cpp
[1.236s] -- Found pluginlib: 5.1.0 (/opt/ros/humble/share/pluginlib/cmake)
[6.529s] -- Found rclcpp: 16.0.10 (/opt/ros/humble/share/rclcpp/cmake)
[6.737s] -- Found rmw_implementation_cmake: 6.1.2 (/opt/ros/humble/share/rmw_implementation_cmake/cmake)
[6.740s] -- Found rmw_fastrtps_cpp: 6.2.7 (/opt/ros/humble/share/rmw_fastrtps_cpp/cmake)
[6.780s] -- Found TinyXML2 via Config file: TinyXML2_DIR-NOTFOUND
[6.797s] -- Found TinyXML2 via Config file: TinyXML2_DIR-NOTFOUND
[7.122s] -- Found TinyXML2 via Config file: TinyXML2_DIR-NOTFOUND
[7.129s] -- Found TinyXML2 via Config file: TinyXML2_DIR-NOTFOUND
[7.435s] -- Using RMW implementation 'rmw_fastrtps_cpp' as default
[7.508s] -- Found rviz_common: 11.2.13 (/opt/ros/humble/share/rviz_common/cmake)
[7.516s] -- Setting assimp_DIR to: '/opt/ros/humble/share/rviz_assimp_vendor/cmake/../../../opt/rviz_assimp_vendor/lib/cmake/assimp-4.1'
[7.527s] -- Setting OGRE_DIR to: '/opt/ros/humble/share/rviz_ogre_vendor/cmake/../../../opt/rviz_ogre_vendor/lib/OGRE/cmake'
[7.530s] -- Found OGRE
[7.530s] --   static     : OFF
[7.530s] --   components : HLMS;MeshLodGenerator;Overlay;Paging;Property;RTShaderSystem;Terrain;Volume
[7.530s] --   plugins    : Plugin_BSPSceneManager;Plugin_OctreeSceneManager;Plugin_PCZSceneManager;Plugin_ParticleFX;RenderSystem_GL;RenderSystem_GL3Plus;Codec_STBI
[7.530s] --   media      : /opt/ros/humble/opt/rviz_ogre_vendor/share/OGRE/Media
[7.530s] -- OGRE_LIBRARIES: OgreHLMS;OgreMeshLodGenerator;OgreOverlay;OgrePaging;OgreProperty;OgreRTShaderSystem;OgreTerrain;OgreVolume;OgreMain
[7.530s] -- OGRE_LIBRARY_DIRS: /opt/ros/humble/opt/rviz_ogre_vendor/lib
[7.530s] -- OGRE_PLUGINS: Plugin_BSPSceneManager;Plugin_OctreeSceneManager;Plugin_PCZSceneManager;Plugin_ParticleFX;RenderSystem_GL;RenderSystem_GL3Plus;Codec_STBI
[7.530s] -- OGRE_PLUGIN_DIR: /opt/ros/humble/opt/rviz_ogre_vendor/lib/OGRE
[7.531s] -- rviz_ogre_vendor::OgreOverlay for IMPORTED_LOCATION_RELEASE: /opt/ros/humble/opt/rviz_ogre_vendor/lib/libOgreOverlay.so
[7.531s] -- rviz_ogre_vendor::OgreOverlay for IMPORTED_LOCATION_DEBUG: /opt/ros/humble/opt/rviz_ogre_vendor/lib/libOgreOverlay.so
[7.531s] -- rviz_ogre_vendor::OgreMain for IMPORTED_LOCATION_RELEASE: /opt/ros/humble/opt/rviz_ogre_vendor/lib/libOgreMain.so
[7.531s] -- rviz_ogre_vendor::OgreMain for IMPORTED_LOCATION_DEBUG: /opt/ros/humble/opt/rviz_ogre_vendor/lib/libOgreMain.so
[7.692s] -- Could not find freeimage library
[19.515s] -- library: /usr/lib/x86_64-linux-gnu/libcurl.so
[19.564s] -- Ensuring Eigen3 include directory is part of orocos-kdl CMake target
[19.710s] -- Found test_2_interfaces: 0.0.0 (/home/jerry/Code/ROS2/test_2/install/test_2_interfaces/share/test_2_interfaces/cmake)
[19.727s] -- Found ament_lint_auto: 0.12.11 (/opt/ros/humble/share/ament_lint_auto/cmake)
[19.773s] Error parsing '/home/jerry/Code/ROS2/test_2/src/rviz_plugin_tutorials/package.xml':
[19.830s] Traceback (most recent call last):
[19.830s]   File "/opt/ros/humble/share/ament_cmake_core/cmake/core/package_xml_2_cmake.py", line 150, in <module>
[19.830s]     main()
[19.830s]   File "/opt/ros/humble/share/ament_cmake_core/cmake/core/package_xml_2_cmake.py", line 53, in main
[19.830s]     raise e
[19.831s]   File "/opt/ros/humble/share/ament_cmake_core/cmake/core/package_xml_2_cmake.py", line 49, in main
[19.831s]     package = parse_package_string(
[19.831s]   File "/usr/lib/python3/dist-packages/catkin_pkg/package.py", line 719, in parse_package_string
[19.832s]     export_node = _get_optional_node(root, 'export', filename)
[19.832s]   File "/usr/lib/python3/dist-packages/catkin_pkg/package.py", line 807, in _get_optional_node
[19.832s]     raise InvalidPackage('The manifest must not contain more than one "%s" tags' % tagname, filename)
[19.832s] catkin_pkg.package.InvalidPackage: Error(s) in package '/home/jerry/Code/ROS2/test_2/src/rviz_plugin_tutorials/package.xml':
[19.832s] The manifest must not contain more than one "export" tags
[19.848s] [31mCMake Error at /opt/ros/humble/share/ament_cmake_core/cmake/core/ament_package_xml.cmake:95 (message):
[19.848s]   execute_process(/usr/bin/python3
[19.848s]   /opt/ros/humble/share/ament_cmake_core/cmake/core/package_xml_2_cmake.py
[19.848s]   /home/jerry/Code/ROS2/test_2/src/rviz_plugin_tutorials/package.xml
[19.848s]   /home/jerry/Code/ROS2/test_2/build/rviz_plugin_tutorials/ament_cmake_core/package.cmake)
[19.849s]   returned error code 1
[19.849s] Call Stack (most recent call first):
[19.849s]   /opt/ros/humble/share/ament_cmake_core/cmake/core/ament_package_xml.cmake:49 (_ament_package_xml)
[19.849s]   /opt/ros/humble/share/ament_lint_auto/cmake/ament_lint_auto_find_test_dependencies.cmake:31 (ament_package_xml)
[19.849s]   CMakeLists.txt:82 (ament_lint_auto_find_test_dependencies)
[19.849s] 
[19.849s] [0m
[19.849s] -- Configuring incomplete, errors occurred!
[19.849s] See also "/home/jerry/Code/ROS2/test_2/build/rviz_plugin_tutorials/CMakeFiles/CMakeOutput.log".
[19.863s] gmake: *** [Makefile:443: cmake_check_build_system] Error 1
[19.865s] Invoked command in '/home/jerry/Code/ROS2/test_2/build/rviz_plugin_tutorials' returned '2': CMAKE_PREFIX_PATH=/home/jerry/Code/ROS2/test_2/install/test_2_interfaces:/home/jerry/Code/ROS2/test_2/install/my_rviz_plugin:/home/jerry/Code/ROS2/test_2/install/rviz_plugin_tutorials:/home/jerry/Code/ROS2/test_2/install/rviz_plugin_sum_product:/home/jerry/Code/ROS2/test_2/install LD_LIBRARY_PATH=/home/jerry/Code/ROS2/test_2/install/test_2_interfaces/lib:/home/jerry/Code/ROS2/test_2/install/my_rviz_plugin/lib:/opt/ros/humble/opt/rviz_ogre_vendor/lib:/opt/ros/humble/lib/x86_64-linux-gnu:/opt/ros/humble/lib:/usr/lib/wsl/lib:/usr/local/cuda-11.7/lib64 /usr/bin/cmake --build /home/jerry/Code/ROS2/test_2/build/rviz_plugin_tutorials -- -j12 -l12
