[0.384s] Invoking command in '/home/jerry/Code/ROS2/test_2/build/rviz_plugin_tutorials': CMAKE_PREFIX_PATH=/home/jerry/Code/ROS2/test_2/install/test_2_interfaces:/home/jerry/Code/ROS2/test_2/install/my_rviz_plugin:/home/jerry/Code/ROS2/test_2/install/rviz_plugin_tutorials:/home/jerry/Code/ROS2/test_2/install/rviz_plugin_sum_product:/home/jerry/Code/ROS2/test_2/install LD_LIBRARY_PATH=/home/jerry/Code/ROS2/test_2/install/test_2_interfaces/lib:/home/jerry/Code/ROS2/test_2/install/my_rviz_plugin/lib:/opt/ros/humble/opt/rviz_ogre_vendor/lib:/opt/ros/humble/lib/x86_64-linux-gnu:/opt/ros/humble/lib:/usr/lib/wsl/lib:/usr/local/cuda-11.7/lib64 /usr/bin/cmake --build /home/jerry/Code/ROS2/test_2/build/rviz_plugin_tutorials -- -j12 -l12
[0.405s] -- Found ament_cmake: 1.3.10 (/opt/ros/humble/share/ament_cmake/cmake)
[0.518s] -- Found geometry_msgs: 4.2.4 (/opt/ros/humble/share/geometry_msgs/cmake)
[0.950s] -- Found rosidl_generator_c: 3.1.5 (/opt/ros/humble/share/rosidl_generator_c/cmake)
[0.953s] -- Found rosidl_adapter: 3.1.5 (/opt/ros/humble/share/rosidl_adapter/cmake)
[0.958s] -- Found rosidl_generator_cpp: 3.1.5 (/opt/ros/humble/share/rosidl_generator_cpp/cmake)
[0.966s] -- Using all available rosidl_typesupport_c: rosidl_typesupport_fastrtps_c;rosidl_typesupport_introspection_c
[0.977s] -- Using all available rosidl_typesupport_cpp: rosidl_typesupport_fastrtps_cpp;rosidl_typesupport_introspection_cpp
[1.009s] -- Found pluginlib: 5.1.0 (/opt/ros/humble/share/pluginlib/cmake)
[5.789s] -- Found rclcpp: 16.0.10 (/opt/ros/humble/share/rclcpp/cmake)
[6.029s] -- Found rmw_implementation_cmake: 6.1.2 (/opt/ros/humble/share/rmw_implementation_cmake/cmake)
[6.030s] -- Found rmw_fastrtps_cpp: 6.2.7 (/opt/ros/humble/share/rmw_fastrtps_cpp/cmake)
[6.055s] -- Found TinyXML2 via Config file: TinyXML2_DIR-NOTFOUND
[6.064s] -- Found TinyXML2 via Config file: TinyXML2_DIR-NOTFOUND
[6.423s] -- Found TinyXML2 via Config file: TinyXML2_DIR-NOTFOUND
[6.430s] -- Found TinyXML2 via Config file: TinyXML2_DIR-NOTFOUND
[6.782s] -- Using RMW implementation 'rmw_fastrtps_cpp' as default
[6.817s] -- Found rviz_common: 11.2.13 (/opt/ros/humble/share/rviz_common/cmake)
[6.819s] -- Setting assimp_DIR to: '/opt/ros/humble/share/rviz_assimp_vendor/cmake/../../../opt/rviz_assimp_vendor/lib/cmake/assimp-4.1'
[6.822s] -- Setting OGRE_DIR to: '/opt/ros/humble/share/rviz_ogre_vendor/cmake/../../../opt/rviz_ogre_vendor/lib/OGRE/cmake'
[6.824s] -- Found OGRE
[6.824s] --   static     : OFF
[6.824s] --   components : HLMS;MeshLodGenerator;Overlay;Paging;Property;RTShaderSystem;Terrain;Volume
[6.824s] --   plugins    : Plugin_BSPSceneManager;Plugin_OctreeSceneManager;Plugin_PCZSceneManager;Plugin_ParticleFX;RenderSystem_GL;RenderSystem_GL3Plus;Codec_STBI
[6.824s] --   media      : /opt/ros/humble/opt/rviz_ogre_vendor/share/OGRE/Media
[6.825s] -- OGRE_LIBRARIES: OgreHLMS;OgreMeshLodGenerator;OgreOverlay;OgrePaging;OgreProperty;OgreRTShaderSystem;OgreTerrain;OgreVolume;OgreMain
[6.825s] -- OGRE_LIBRARY_DIRS: /opt/ros/humble/opt/rviz_ogre_vendor/lib
[6.825s] -- OGRE_PLUGINS: Plugin_BSPSceneManager;Plugin_OctreeSceneManager;Plugin_PCZSceneManager;Plugin_ParticleFX;RenderSystem_GL;RenderSystem_GL3Plus;Codec_STBI
[6.825s] -- OGRE_PLUGIN_DIR: /opt/ros/humble/opt/rviz_ogre_vendor/lib/OGRE
[6.825s] -- rviz_ogre_vendor::OgreOverlay for IMPORTED_LOCATION_RELEASE: /opt/ros/humble/opt/rviz_ogre_vendor/lib/libOgreOverlay.so
[6.825s] -- rviz_ogre_vendor::OgreOverlay for IMPORTED_LOCATION_DEBUG: /opt/ros/humble/opt/rviz_ogre_vendor/lib/libOgreOverlay.so
[6.825s] -- rviz_ogre_vendor::OgreMain for IMPORTED_LOCATION_RELEASE: /opt/ros/humble/opt/rviz_ogre_vendor/lib/libOgreMain.so
[6.825s] -- rviz_ogre_vendor::OgreMain for IMPORTED_LOCATION_DEBUG: /opt/ros/humble/opt/rviz_ogre_vendor/lib/libOgreMain.so
[7.026s] -- Could not find freeimage library
[18.852s] -- library: /usr/lib/x86_64-linux-gnu/libcurl.so
[18.879s] -- Ensuring Eigen3 include directory is part of orocos-kdl CMake target
[18.957s] -- Found test_2_interfaces: 0.0.0 (/home/jerry/Code/ROS2/test_2/install/test_2_interfaces/share/test_2_interfaces/cmake)
[18.968s] -- Found ament_lint_auto: 0.12.11 (/opt/ros/humble/share/ament_lint_auto/cmake)
[19.014s] Error parsing '/home/jerry/Code/ROS2/test_2/src/rviz_plugin_tutorials/package.xml':
[19.052s] Traceback (most recent call last):
[19.052s]   File "/opt/ros/humble/share/ament_cmake_core/cmake/core/package_xml_2_cmake.py", line 150, in <module>
[19.052s]     main()
[19.052s]   File "/opt/ros/humble/share/ament_cmake_core/cmake/core/package_xml_2_cmake.py", line 53, in main
[19.052s]     raise e
[19.052s]   File "/opt/ros/humble/share/ament_cmake_core/cmake/core/package_xml_2_cmake.py", line 49, in main
[19.052s]     package = parse_package_string(
[19.052s]   File "/usr/lib/python3/dist-packages/catkin_pkg/package.py", line 719, in parse_package_string
[19.052s]     export_node = _get_optional_node(root, 'export', filename)
[19.053s]   File "/usr/lib/python3/dist-packages/catkin_pkg/package.py", line 807, in _get_optional_node
[19.053s]     raise InvalidPackage('The manifest must not contain more than one "%s" tags' % tagname, filename)
[19.053s] catkin_pkg.package.InvalidPackage: Error(s) in package '/home/jerry/Code/ROS2/test_2/src/rviz_plugin_tutorials/package.xml':
[19.053s] The manifest must not contain more than one "export" tags
[19.064s] [31mCMake Error at /opt/ros/humble/share/ament_cmake_core/cmake/core/ament_package_xml.cmake:95 (message):
[19.064s]   execute_process(/usr/bin/python3
[19.065s]   /opt/ros/humble/share/ament_cmake_core/cmake/core/package_xml_2_cmake.py
[19.065s]   /home/jerry/Code/ROS2/test_2/src/rviz_plugin_tutorials/package.xml
[19.065s]   /home/jerry/Code/ROS2/test_2/build/rviz_plugin_tutorials/ament_cmake_core/package.cmake)
[19.065s]   returned error code 1
[19.065s] Call Stack (most recent call first):
[19.065s]   /opt/ros/humble/share/ament_cmake_core/cmake/core/ament_package_xml.cmake:49 (_ament_package_xml)
[19.065s]   /opt/ros/humble/share/ament_lint_auto/cmake/ament_lint_auto_find_test_dependencies.cmake:31 (ament_package_xml)
[19.065s]   CMakeLists.txt:88 (ament_lint_auto_find_test_dependencies)
[19.065s] 
[19.065s] [0m
[19.065s] -- Configuring incomplete, errors occurred!
[19.065s] See also "/home/jerry/Code/ROS2/test_2/build/rviz_plugin_tutorials/CMakeFiles/CMakeOutput.log".
[19.074s] gmake: *** [Makefile:443: cmake_check_build_system] Error 1
[19.076s] Invoked command in '/home/jerry/Code/ROS2/test_2/build/rviz_plugin_tutorials' returned '2': CMAKE_PREFIX_PATH=/home/jerry/Code/ROS2/test_2/install/test_2_interfaces:/home/jerry/Code/ROS2/test_2/install/my_rviz_plugin:/home/jerry/Code/ROS2/test_2/install/rviz_plugin_tutorials:/home/jerry/Code/ROS2/test_2/install/rviz_plugin_sum_product:/home/jerry/Code/ROS2/test_2/install LD_LIBRARY_PATH=/home/jerry/Code/ROS2/test_2/install/test_2_interfaces/lib:/home/jerry/Code/ROS2/test_2/install/my_rviz_plugin/lib:/opt/ros/humble/opt/rviz_ogre_vendor/lib:/opt/ros/humble/lib/x86_64-linux-gnu:/opt/ros/humble/lib:/usr/lib/wsl/lib:/usr/local/cuda-11.7/lib64 /usr/bin/cmake --build /home/jerry/Code/ROS2/test_2/build/rviz_plugin_tutorials -- -j12 -l12
