In file included from [01m[K/opt/ros/humble/include/class_loader/class_loader/class_loader.hpp:56[m[K,
                 from [01m[K/opt/ros/humble/include/pluginlib/pluginlib/class_list_macros.hpp:40[m[K,
                 from [01m[K/home/jerry/Code/ROS2/test_2/src/rviz_plugin_tutorials/src/my_rviz_panel.cpp:4[m[K:
[01m[K/home/jerry/Code/ROS2/test_2/src/rviz_plugin_tutorials/src/my_rviz_panel.cpp:65:24:[m[K [01;31m[Kerror: [m[Kâ€˜[01m[Krviz_plugin_tutorials[m[Kâ€™ does not name a type; did you mean â€˜[01m[Krviz_plugin_tutorials_EXPORTS[m[Kâ€™?
   65 | PLUGINLIB_EXPORT_CLASS([01;31m[Krviz_plugin_tutorials[m[K::MyRvizPanel, rviz_common::Panel)
      |                        [01;31m[K^~~~~~~~~~~~~~~~~~~~~[m[K
[01m[K/home/jerry/Code/ROS2/test_2/src/rviz_plugin_tutorials/src/my_rviz_panel.cpp:[m[K In constructor â€˜[01m[K{anonymous}::ProxyExec0::ProxyExec0()[m[Kâ€™:
[01m[K/home/jerry/Code/ROS2/test_2/src/rviz_plugin_tutorials/src/my_rviz_panel.cpp:65:1:[m[K [01;31m[Kerror: [m[Kâ€˜[01m[K_derived[m[Kâ€™ was not declared in this scope
   65 | [01;31m[KPLUGINLIB_EXPORT_CLASS[m[K(rviz_plugin_tutorials::MyRvizPanel, rviz_common::Panel)
      | [01;31m[K^~~~~~~~~~~~~~~~~~~~~~[m[K
[01m[K/home/jerry/Code/ROS2/test_2/src/rviz_plugin_tutorials/src/my_rviz_panel.cpp:65:1:[m[K [01;31m[Kerror: [m[Kno matching function for call to â€˜[01m[KregisterPlugin<<expression error>, {anonymous}::ProxyExec0::_base>(const char [35], const char [19])[m[Kâ€™
   65 | [01;31m[KPLUGINLIB_EXPORT_CLASS[m[K(rviz_plugin_tutorials::MyRvizPanel, rviz_common::Panel)
      | [01;31m[K^~~~~~~~~~~~~~~~~~~~~~[m[K
In file included from [01m[K/opt/ros/humble/include/class_loader/class_loader/class_loader.hpp:55[m[K,
                 from [01m[K/opt/ros/humble/include/pluginlib/pluginlib/class_list_macros.hpp:40[m[K,
                 from [01m[K/home/jerry/Code/ROS2/test_2/src/rviz_plugin_tutorials/src/my_rviz_panel.cpp:4[m[K:
[01m[K/opt/ros/humble/include/class_loader/class_loader/class_loader_core.hpp:210:6:[m[K [01;36m[Knote: [m[Kcandidate: â€˜[01m[Ktemplate<class Derived, class Base> void class_loader::impl::registerPlugin(const string&, const string&)[m[Kâ€™
  210 | void [01;36m[KregisterPlugin[m[K(const std::string & class_name, const std::string & base_class_name)
      |      [01;36m[K^~~~~~~~~~~~~~[m[K
[01m[K/opt/ros/humble/include/class_loader/class_loader/class_loader_core.hpp:210:6:[m[K [01;36m[Knote: [m[K  template argument deduction/substitution failed:
In file included from [01m[K/opt/ros/humble/include/class_loader/class_loader/class_loader.hpp:56[m[K,
                 from [01m[K/opt/ros/humble/include/pluginlib/pluginlib/class_list_macros.hpp:40[m[K,
                 from [01m[K/home/jerry/Code/ROS2/test_2/src/rviz_plugin_tutorials/src/my_rviz_panel.cpp:4[m[K:
[01m[K/home/jerry/Code/ROS2/test_2/src/rviz_plugin_tutorials/src/my_rviz_panel.cpp:65:1:[m[K [01;31m[Kerror: [m[Ktemplate argument 1 is invalid
   65 | [01;31m[KPLUGINLIB_EXPORT_CLASS[m[K(rviz_plugin_tutorials::MyRvizPanel, rviz_common::Panel)
      | [01;31m[K^~~~~~~~~~~~~~~~~~~~~~[m[K
gmake[2]: *** [CMakeFiles/rviz_plugin_tutorials.dir/build.make:160: CMakeFiles/rviz_plugin_tutorials.dir/src/my_rviz_panel.cpp.o] Error 1
gmake[2]: *** Waiting for unfinished jobs....
gmake[1]: *** [CMakeFiles/Makefile2:138: CMakeFiles/rviz_plugin_tutorials.dir/all] Error 2
gmake: *** [Makefile:146: all] Error 2
