[0.420s] Invoking command in '/home/jerry/Code/ROS2/test_2/build/rviz_plugin_tutorials': CMAKE_PREFIX_PATH=/home/jerry/Code/ROS2/test_2/install/test_2_interfaces:/home/jerry/Code/ROS2/test_2/install/my_rviz_plugin:/home/jerry/Code/ROS2/test_2/install/rviz_plugin_tutorials:/home/jerry/Code/ROS2/test_2/install/rviz_plugin_sum_product:/home/jerry/Code/ROS2/test_2/install:/home/jerry/Code/ROS2/test_2/install/test_2:/opt/ros/humble LD_LIBRARY_PATH=/home/jerry/Code/ROS2/test_2/install/test_2_interfaces/lib:/home/jerry/Code/ROS2/test_2/install/my_rviz_plugin/lib:/opt/ros/humble/opt/rviz_ogre_vendor/lib:/opt/ros/humble/lib/x86_64-linux-gnu:/opt/ros/humble/lib:/usr/lib/wsl/lib:/usr/local/cuda-11.7/lib64 /usr/bin/cmake --build /home/jerry/Code/ROS2/test_2/build/rviz_plugin_tutorials -- -j12 -l12
[0.449s] -- Found ament_cmake: 1.3.10 (/opt/ros/humble/share/ament_cmake/cmake)
[0.591s] -- Found geometry_msgs: 4.2.4 (/opt/ros/humble/share/geometry_msgs/cmake)
[1.104s] -- Found rosidl_generator_c: 3.1.5 (/opt/ros/humble/share/rosidl_generator_c/cmake)
[1.108s] -- Found rosidl_adapter: 3.1.5 (/opt/ros/humble/share/rosidl_adapter/cmake)
[1.121s] -- Found rosidl_generator_cpp: 3.1.5 (/opt/ros/humble/share/rosidl_generator_cpp/cmake)
[1.138s] -- Using all available rosidl_typesupport_c: rosidl_typesupport_fastrtps_c;rosidl_typesupport_introspection_c
[1.159s] -- Using all available rosidl_typesupport_cpp: rosidl_typesupport_fastrtps_cpp;rosidl_typesupport_introspection_cpp
[1.215s] -- Found pluginlib: 5.1.0 (/opt/ros/humble/share/pluginlib/cmake)
[6.378s] -- Found rclcpp: 16.0.10 (/opt/ros/humble/share/rclcpp/cmake)
[6.430s] -- Found rmw_implementation_cmake: 6.1.2 (/opt/ros/humble/share/rmw_implementation_cmake/cmake)
[6.436s] -- Found rmw_fastrtps_cpp: 6.2.7 (/opt/ros/humble/share/rmw_fastrtps_cpp/cmake)
[6.475s] -- Found TinyXML2 via Config file: TinyXML2_DIR-NOTFOUND
[6.486s] -- Found TinyXML2 via Config file: TinyXML2_DIR-NOTFOUND
[6.847s] -- Found TinyXML2 via Config file: TinyXML2_DIR-NOTFOUND
[6.855s] -- Found TinyXML2 via Config file: TinyXML2_DIR-NOTFOUND
[7.216s] -- Using RMW implementation 'rmw_fastrtps_cpp' as default
[7.288s] -- Found rviz_common: 11.2.13 (/opt/ros/humble/share/rviz_common/cmake)
[7.293s] -- Setting assimp_DIR to: '/opt/ros/humble/share/rviz_assimp_vendor/cmake/../../../opt/rviz_assimp_vendor/lib/cmake/assimp-4.1'
[7.300s] -- Setting OGRE_DIR to: '/opt/ros/humble/share/rviz_ogre_vendor/cmake/../../../opt/rviz_ogre_vendor/lib/OGRE/cmake'
[7.303s] -- Found OGRE
[7.303s] --   static     : OFF
[7.304s] --   components : HLMS;MeshLodGenerator;Overlay;Paging;Property;RTShaderSystem;Terrain;Volume
[7.304s] --   plugins    : Plugin_BSPSceneManager;Plugin_OctreeSceneManager;Plugin_PCZSceneManager;Plugin_ParticleFX;RenderSystem_GL;RenderSystem_GL3Plus;Codec_STBI
[7.304s] --   media      : /opt/ros/humble/opt/rviz_ogre_vendor/share/OGRE/Media
[7.304s] -- OGRE_LIBRARIES: OgreHLMS;OgreMeshLodGenerator;OgreOverlay;OgrePaging;OgreProperty;OgreRTShaderSystem;OgreTerrain;OgreVolume;OgreMain
[7.304s] -- OGRE_LIBRARY_DIRS: /opt/ros/humble/opt/rviz_ogre_vendor/lib
[7.304s] -- OGRE_PLUGINS: Plugin_BSPSceneManager;Plugin_OctreeSceneManager;Plugin_PCZSceneManager;Plugin_ParticleFX;RenderSystem_GL;RenderSystem_GL3Plus;Codec_STBI
[7.304s] -- OGRE_PLUGIN_DIR: /opt/ros/humble/opt/rviz_ogre_vendor/lib/OGRE
[7.304s] -- rviz_ogre_vendor::OgreOverlay for IMPORTED_LOCATION_RELEASE: /opt/ros/humble/opt/rviz_ogre_vendor/lib/libOgreOverlay.so
[7.304s] -- rviz_ogre_vendor::OgreOverlay for IMPORTED_LOCATION_DEBUG: /opt/ros/humble/opt/rviz_ogre_vendor/lib/libOgreOverlay.so
[7.304s] -- rviz_ogre_vendor::OgreMain for IMPORTED_LOCATION_RELEASE: /opt/ros/humble/opt/rviz_ogre_vendor/lib/libOgreMain.so
[7.304s] -- rviz_ogre_vendor::OgreMain for IMPORTED_LOCATION_DEBUG: /opt/ros/humble/opt/rviz_ogre_vendor/lib/libOgreMain.so
[7.469s] -- Could not find freeimage library
[20.587s] -- library: /usr/lib/x86_64-linux-gnu/libcurl.so
[20.620s] -- Ensuring Eigen3 include directory is part of orocos-kdl CMake target
[20.705s] -- Found test_2_interfaces: 0.0.0 (/home/jerry/Code/ROS2/test_2/install/test_2_interfaces/share/test_2_interfaces/cmake)
[20.715s] -- Found ament_lint_auto: 0.12.11 (/opt/ros/humble/share/ament_lint_auto/cmake)
[20.776s] -- Deploy OGRE media
[20.777s] -- Added test 'copyright' to check source files copyright and LICENSE
[20.779s] -- Added test 'cppcheck' to perform static code analysis on C / C++ code
[20.779s] -- Configured cppcheck include dirs: 
[20.779s] -- Configured cppcheck exclude dirs and/or files: 
[20.781s] -- Added test 'cpplint' to check C / C++ code against the Google style
[20.781s] -- Configured cpplint exclude dirs and/or files: 
[20.781s] -- Added test 'flake8' to check Python code syntax and style conventions
[20.782s] -- Added test 'lint_cmake' to check CMake code style
[20.783s] -- Added test 'pep257' to check Python code against some of the docstring style conventions in PEP 257
[20.785s] -- Added test 'uncrustify' to check C / C++ code style
[20.785s] -- Configured uncrustify additional arguments: 
[20.786s] -- Added test 'xmllint' to check XML markup files
[20.787s] -- Configuring done
[20.821s] -- Generating done
[20.826s] -- Build files have been written to: /home/jerry/Code/ROS2/test_2/build/rviz_plugin_tutorials
[20.863s] [ 11%] [34m[1mAutomatic MOC and UIC for target rviz_plugin_tutorials[0m
[20.885s] [ 11%] Built target rviz_plugin_tutorials_autogen
[20.900s] [35m[1mConsolidate compiler generated dependencies of target rviz_plugin_tutorials[0m
[20.934s] [ 22%] [32mBuilding CXX object CMakeFiles/rviz_plugin_tutorials.dir/rviz_plugin_tutorials_autogen/mocs_compilation.cpp.o[0m
[20.935s] [ 33%] [32mBuilding CXX object CMakeFiles/rviz_plugin_tutorials.dir/src/my_rviz_panel.cpp.o[0m
[24.627s] In file included from [01m[K/opt/ros/humble/include/class_loader/class_loader/class_loader.hpp:56[m[K,
[24.627s]                  from [01m[K/opt/ros/humble/include/pluginlib/pluginlib/class_list_macros.hpp:40[m[K,
[24.627s]                  from [01m[K/home/jerry/Code/ROS2/test_2/src/rviz_plugin_tutorials/src/my_rviz_panel.cpp:4[m[K:
[24.627s] [01m[K/home/jerry/Code/ROS2/test_2/src/rviz_plugin_tutorials/src/my_rviz_panel.cpp:65:24:[m[K [01;31m[Kerror: [m[Kâ€˜[01m[Krviz_plugin_tutorials[m[Kâ€™ does not name a type; did you mean â€˜[01m[Krviz_plugin_tutorials_EXPORTS[m[Kâ€™?
[24.627s]    65 | PLUGINLIB_EXPORT_CLASS([01;31m[Krviz_plugin_tutorials[m[K::MyRvizPanel, rviz_common::Panel)
[24.627s]       |                        [01;31m[K^~~~~~~~~~~~~~~~~~~~~[m[K
[24.635s] [01m[K/home/jerry/Code/ROS2/test_2/src/rviz_plugin_tutorials/src/my_rviz_panel.cpp:[m[K In constructor â€˜[01m[K{anonymous}::ProxyExec0::ProxyExec0()[m[Kâ€™:
[24.635s] [01m[K/home/jerry/Code/ROS2/test_2/src/rviz_plugin_tutorials/src/my_rviz_panel.cpp:65:1:[m[K [01;31m[Kerror: [m[Kâ€˜[01m[K_derived[m[Kâ€™ was not declared in this scope
[24.635s]    65 | [01;31m[KPLUGINLIB_EXPORT_CLASS[m[K(rviz_plugin_tutorials::MyRvizPanel, rviz_common::Panel)
[24.635s]       | [01;31m[K^~~~~~~~~~~~~~~~~~~~~~[m[K
[24.635s] [01m[K/home/jerry/Code/ROS2/test_2/src/rviz_plugin_tutorials/src/my_rviz_panel.cpp:65:1:[m[K [01;31m[Kerror: [m[Kno matching function for call to â€˜[01m[KregisterPlugin<<expression error>, {anonymous}::ProxyExec0::_base>(const char [35], const char [19])[m[Kâ€™
[24.635s]    65 | [01;31m[KPLUGINLIB_EXPORT_CLASS[m[K(rviz_plugin_tutorials::MyRvizPanel, rviz_common::Panel)
[24.635s]       | [01;31m[K^~~~~~~~~~~~~~~~~~~~~~[m[K
[24.636s] In file included from [01m[K/opt/ros/humble/include/class_loader/class_loader/class_loader.hpp:55[m[K,
[24.636s]                  from [01m[K/opt/ros/humble/include/pluginlib/pluginlib/class_list_macros.hpp:40[m[K,
[24.636s]                  from [01m[K/home/jerry/Code/ROS2/test_2/src/rviz_plugin_tutorials/src/my_rviz_panel.cpp:4[m[K:
[24.636s] [01m[K/opt/ros/humble/include/class_loader/class_loader/class_loader_core.hpp:210:6:[m[K [01;36m[Knote: [m[Kcandidate: â€˜[01m[Ktemplate<class Derived, class Base> void class_loader::impl::registerPlugin(const string&, const string&)[m[Kâ€™
[24.636s]   210 | void [01;36m[KregisterPlugin[m[K(const std::string & class_name, const std::string & base_class_name)
[24.636s]       |      [01;36m[K^~~~~~~~~~~~~~[m[K
[24.636s] [01m[K/opt/ros/humble/include/class_loader/class_loader/class_loader_core.hpp:210:6:[m[K [01;36m[Knote: [m[K  template argument deduction/substitution failed:
[24.636s] In file included from [01m[K/opt/ros/humble/include/class_loader/class_loader/class_loader.hpp:56[m[K,
[24.636s]                  from [01m[K/opt/ros/humble/include/pluginlib/pluginlib/class_list_macros.hpp:40[m[K,
[24.636s]                  from [01m[K/home/jerry/Code/ROS2/test_2/src/rviz_plugin_tutorials/src/my_rviz_panel.cpp:4[m[K:
[24.636s] [01m[K/home/jerry/Code/ROS2/test_2/src/rviz_plugin_tutorials/src/my_rviz_panel.cpp:65:1:[m[K [01;31m[Kerror: [m[Ktemplate argument 1 is invalid
[24.636s]    65 | [01;31m[KPLUGINLIB_EXPORT_CLASS[m[K(rviz_plugin_tutorials::MyRvizPanel, rviz_common::Panel)
[24.636s]       | [01;31m[K^~~~~~~~~~~~~~~~~~~~~~[m[K
[25.344s] gmake[2]: *** [CMakeFiles/rviz_plugin_tutorials.dir/build.make:160: CMakeFiles/rviz_plugin_tutorials.dir/src/my_rviz_panel.cpp.o] Error 1
[25.344s] gmake[2]: *** Waiting for unfinished jobs....
[34.080s] gmake[1]: *** [CMakeFiles/Makefile2:138: CMakeFiles/rviz_plugin_tutorials.dir/all] Error 2
[34.080s] gmake: *** [Makefile:146: all] Error 2
[34.082s] Invoked command in '/home/jerry/Code/ROS2/test_2/build/rviz_plugin_tutorials' returned '2': CMAKE_PREFIX_PATH=/home/jerry/Code/ROS2/test_2/install/test_2_interfaces:/home/jerry/Code/ROS2/test_2/install/my_rviz_plugin:/home/jerry/Code/ROS2/test_2/install/rviz_plugin_tutorials:/home/jerry/Code/ROS2/test_2/install/rviz_plugin_sum_product:/home/jerry/Code/ROS2/test_2/install:/home/jerry/Code/ROS2/test_2/install/test_2:/opt/ros/humble LD_LIBRARY_PATH=/home/jerry/Code/ROS2/test_2/install/test_2_interfaces/lib:/home/jerry/Code/ROS2/test_2/install/my_rviz_plugin/lib:/opt/ros/humble/opt/rviz_ogre_vendor/lib:/opt/ros/humble/lib/x86_64-linux-gnu:/opt/ros/humble/lib:/usr/lib/wsl/lib:/usr/local/cuda-11.7/lib64 /usr/bin/cmake --build /home/jerry/Code/ROS2/test_2/build/rviz_plugin_tutorials -- -j12 -l12
