[0.382s] Invoking command in '/home/jerry/Code/ROS2/test_2/build/rviz_plugin_tutorials': CMAKE_PREFIX_PATH=/home/jerry/Code/ROS2/test_2/install/test_2_interfaces:/home/jerry/Code/ROS2/test_2/install/my_rviz_plugin:/home/jerry/Code/ROS2/test_2/install/rviz_plugin_tutorials:/home/jerry/Code/ROS2/test_2/install/rviz_plugin_sum_product:/home/jerry/Code/ROS2/test_2/install LD_LIBRARY_PATH=/home/jerry/Code/ROS2/test_2/install/test_2_interfaces/lib:/home/jerry/Code/ROS2/test_2/install/my_rviz_plugin/lib:/opt/ros/humble/opt/rviz_ogre_vendor/lib:/opt/ros/humble/lib/x86_64-linux-gnu:/opt/ros/humble/lib:/usr/lib/wsl/lib:/usr/local/cuda-11.7/lib64 /usr/bin/cmake --build /home/jerry/Code/ROS2/test_2/build/rviz_plugin_tutorials -- -j12 -l12
[0.408s] -- Found ament_cmake: 1.3.10 (/opt/ros/humble/share/ament_cmake/cmake)
[0.554s] -- Found geometry_msgs: 4.2.4 (/opt/ros/humble/share/geometry_msgs/cmake)
[1.100s] -- Found rosidl_generator_c: 3.1.5 (/opt/ros/humble/share/rosidl_generator_c/cmake)
[1.103s] -- Found rosidl_adapter: 3.1.5 (/opt/ros/humble/share/rosidl_adapter/cmake)
[1.110s] -- Found rosidl_generator_cpp: 3.1.5 (/opt/ros/humble/share/rosidl_generator_cpp/cmake)
[1.131s] -- Using all available rosidl_typesupport_c: rosidl_typesupport_fastrtps_c;rosidl_typesupport_introspection_c
[1.157s] -- Using all available rosidl_typesupport_cpp: rosidl_typesupport_fastrtps_cpp;rosidl_typesupport_introspection_cpp
[1.209s] -- Found pluginlib: 5.1.0 (/opt/ros/humble/share/pluginlib/cmake)
[6.453s] -- Found rclcpp: 16.0.10 (/opt/ros/humble/share/rclcpp/cmake)
[6.661s] -- Found rmw_implementation_cmake: 6.1.2 (/opt/ros/humble/share/rmw_implementation_cmake/cmake)
[6.663s] -- Found rmw_fastrtps_cpp: 6.2.7 (/opt/ros/humble/share/rmw_fastrtps_cpp/cmake)
[6.684s] -- Found TinyXML2 via Config file: TinyXML2_DIR-NOTFOUND
[6.706s] -- Found TinyXML2 via Config file: TinyXML2_DIR-NOTFOUND
[7.124s] -- Found TinyXML2 via Config file: TinyXML2_DIR-NOTFOUND
[7.136s] -- Found TinyXML2 via Config file: TinyXML2_DIR-NOTFOUND
[7.574s] -- Using RMW implementation 'rmw_fastrtps_cpp' as default
[7.619s] -- Found rviz_common: 11.2.13 (/opt/ros/humble/share/rviz_common/cmake)
[7.622s] -- Setting assimp_DIR to: '/opt/ros/humble/share/rviz_assimp_vendor/cmake/../../../opt/rviz_assimp_vendor/lib/cmake/assimp-4.1'
[7.626s] -- Setting OGRE_DIR to: '/opt/ros/humble/share/rviz_ogre_vendor/cmake/../../../opt/rviz_ogre_vendor/lib/OGRE/cmake'
[7.628s] -- Found OGRE
[7.628s] --   static     : OFF
[7.628s] --   components : HLMS;MeshLodGenerator;Overlay;Paging;Property;RTShaderSystem;Terrain;Volume
[7.629s] --   plugins    : Plugin_BSPSceneManager;Plugin_OctreeSceneManager;Plugin_PCZSceneManager;Plugin_ParticleFX;RenderSystem_GL;RenderSystem_GL3Plus;Codec_STBI
[7.629s] --   media      : /opt/ros/humble/opt/rviz_ogre_vendor/share/OGRE/Media
[7.629s] -- OGRE_LIBRARIES: OgreHLMS;OgreMeshLodGenerator;OgreOverlay;OgrePaging;OgreProperty;OgreRTShaderSystem;OgreTerrain;OgreVolume;OgreMain
[7.629s] -- OGRE_LIBRARY_DIRS: /opt/ros/humble/opt/rviz_ogre_vendor/lib
[7.629s] -- OGRE_PLUGINS: Plugin_BSPSceneManager;Plugin_OctreeSceneManager;Plugin_PCZSceneManager;Plugin_ParticleFX;RenderSystem_GL;RenderSystem_GL3Plus;Codec_STBI
[7.629s] -- OGRE_PLUGIN_DIR: /opt/ros/humble/opt/rviz_ogre_vendor/lib/OGRE
[7.629s] -- rviz_ogre_vendor::OgreOverlay for IMPORTED_LOCATION_RELEASE: /opt/ros/humble/opt/rviz_ogre_vendor/lib/libOgreOverlay.so
[7.629s] -- rviz_ogre_vendor::OgreOverlay for IMPORTED_LOCATION_DEBUG: /opt/ros/humble/opt/rviz_ogre_vendor/lib/libOgreOverlay.so
[7.629s] -- rviz_ogre_vendor::OgreMain for IMPORTED_LOCATION_RELEASE: /opt/ros/humble/opt/rviz_ogre_vendor/lib/libOgreMain.so
[7.630s] -- rviz_ogre_vendor::OgreMain for IMPORTED_LOCATION_DEBUG: /opt/ros/humble/opt/rviz_ogre_vendor/lib/libOgreMain.so
[7.821s] -- Could not find freeimage library
[22.183s] -- library: /usr/lib/x86_64-linux-gnu/libcurl.so
[22.218s] -- Ensuring Eigen3 include directory is part of orocos-kdl CMake target
[22.348s] -- Found test_2_interfaces: 0.0.0 (/home/jerry/Code/ROS2/test_2/install/test_2_interfaces/share/test_2_interfaces/cmake)
[22.361s] -- Found ament_lint_auto: 0.12.11 (/opt/ros/humble/share/ament_lint_auto/cmake)
[22.434s] Error parsing '/home/jerry/Code/ROS2/test_2/src/rviz_plugin_tutorials/package.xml':
[22.484s] Traceback (most recent call last):
[22.484s]   File "/opt/ros/humble/share/ament_cmake_core/cmake/core/package_xml_2_cmake.py", line 150, in <module>
[22.484s]     main()
[22.485s]   File "/opt/ros/humble/share/ament_cmake_core/cmake/core/package_xml_2_cmake.py", line 53, in main
[22.485s]     raise e
[22.485s]   File "/opt/ros/humble/share/ament_cmake_core/cmake/core/package_xml_2_cmake.py", line 49, in main
[22.485s]     package = parse_package_string(
[22.485s]   File "/usr/lib/python3/dist-packages/catkin_pkg/package.py", line 719, in parse_package_string
[22.485s]     export_node = _get_optional_node(root, 'export', filename)
[22.485s]   File "/usr/lib/python3/dist-packages/catkin_pkg/package.py", line 807, in _get_optional_node
[22.486s]     raise InvalidPackage('The manifest must not contain more than one "%s" tags' % tagname, filename)
[22.486s] catkin_pkg.package.InvalidPackage: Error(s) in package '/home/jerry/Code/ROS2/test_2/src/rviz_plugin_tutorials/package.xml':
[22.486s] The manifest must not contain more than one "export" tags
[22.502s] [31mCMake Error at /opt/ros/humble/share/ament_cmake_core/cmake/core/ament_package_xml.cmake:95 (message):
[22.502s]   execute_process(/usr/bin/python3
[22.503s]   /opt/ros/humble/share/ament_cmake_core/cmake/core/package_xml_2_cmake.py
[22.503s]   /home/jerry/Code/ROS2/test_2/src/rviz_plugin_tutorials/package.xml
[22.503s]   /home/jerry/Code/ROS2/test_2/build/rviz_plugin_tutorials/ament_cmake_core/package.cmake)
[22.503s]   returned error code 1
[22.503s] Call Stack (most recent call first):
[22.503s]   /opt/ros/humble/share/ament_cmake_core/cmake/core/ament_package_xml.cmake:49 (_ament_package_xml)
[22.503s]   /opt/ros/humble/share/ament_lint_auto/cmake/ament_lint_auto_find_test_dependencies.cmake:31 (ament_package_xml)
[22.504s]   CMakeLists.txt:82 (ament_lint_auto_find_test_dependencies)
[22.504s] 
[22.504s] [0m
[22.504s] -- Configuring incomplete, errors occurred!
[22.504s] See also "/home/jerry/Code/ROS2/test_2/build/rviz_plugin_tutorials/CMakeFiles/CMakeOutput.log".
[22.515s] gmake: *** [Makefile:443: cmake_check_build_system] Error 1
[22.518s] Invoked command in '/home/jerry/Code/ROS2/test_2/build/rviz_plugin_tutorials' returned '2': CMAKE_PREFIX_PATH=/home/jerry/Code/ROS2/test_2/install/test_2_interfaces:/home/jerry/Code/ROS2/test_2/install/my_rviz_plugin:/home/jerry/Code/ROS2/test_2/install/rviz_plugin_tutorials:/home/jerry/Code/ROS2/test_2/install/rviz_plugin_sum_product:/home/jerry/Code/ROS2/test_2/install LD_LIBRARY_PATH=/home/jerry/Code/ROS2/test_2/install/test_2_interfaces/lib:/home/jerry/Code/ROS2/test_2/install/my_rviz_plugin/lib:/opt/ros/humble/opt/rviz_ogre_vendor/lib:/opt/ros/humble/lib/x86_64-linux-gnu:/opt/ros/humble/lib:/usr/lib/wsl/lib:/usr/local/cuda-11.7/lib64 /usr/bin/cmake --build /home/jerry/Code/ROS2/test_2/build/rviz_plugin_tutorials -- -j12 -l12
