[01m[K/home/jerry/Code/ROS2/test_2/src/rviz_plugin_tutorials/src/my_rviz_panel.cpp:8:1:[m[K [01;31m[Kerror: [m[Kâ€˜[01m[KMyRvizPanel[m[Kâ€™ does not name a type
    8 | [01;31m[KMyRvizPanel[m[K::MyRvizPanel(QWidget* parent)
      | [01;31m[K^~~~~~~~~~~[m[K
[01m[K/home/jerry/Code/ROS2/test_2/src/rviz_plugin_tutorials/src/my_rviz_panel.cpp:37:1:[m[K [01;31m[Kerror: [m[Kâ€˜[01m[KMyRvizPanel[m[Kâ€™ does not name a type
   37 | [01;31m[KMyRvizPanel[m[K::~MyRvizPanel() = default;
      | [01;31m[K^~~~~~~~~~~[m[K
[01m[K/home/jerry/Code/ROS2/test_2/src/rviz_plugin_tutorials/src/my_rviz_panel.cpp:39:6:[m[K [01;31m[Kerror: [m[Kâ€˜[01m[KMyRvizPanel[m[Kâ€™ has not been declared
   39 | void [01;31m[KMyRvizPanel[m[K::onButtonClicked() {
      |      [01;31m[K^~~~~~~~~~~[m[K
[01m[K/home/jerry/Code/ROS2/test_2/src/rviz_plugin_tutorials/src/my_rviz_panel.cpp:[m[K In function â€˜[01m[Kvoid my_rviz_plugin::onButtonClicked()[m[Kâ€™:
[01m[K/home/jerry/Code/ROS2/test_2/src/rviz_plugin_tutorials/src/my_rviz_panel.cpp:40:8:[m[K [01;31m[Kerror: [m[Kâ€˜[01m[Kclient_[m[Kâ€™ was not declared in this scope
   40 |   if (![01;31m[Kclient_[m[K->wait_for_service(std::chrono::seconds(1))) {
      |        [01;31m[K^~~~~~~[m[K
In file included from [01m[K/opt/ros/humble/include/rclcpp/rclcpp/client.hpp:40[m[K,
                 from [01m[K/opt/ros/humble/include/rclcpp/rclcpp/callback_group.hpp:24[m[K,
                 from [01m[K/opt/ros/humble/include/rclcpp/rclcpp/any_executable.hpp:20[m[K,
                 from [01m[K/opt/ros/humble/include/rclcpp/rclcpp/memory_strategy.hpp:25[m[K,
                 from [01m[K/opt/ros/humble/include/rclcpp/rclcpp/memory_strategies.hpp:18[m[K,
                 from [01m[K/opt/ros/humble/include/rclcpp/rclcpp/executor_options.hpp:20[m[K,
                 from [01m[K/opt/ros/humble/include/rclcpp/rclcpp/executor.hpp:37[m[K,
                 from [01m[K/opt/ros/humble/include/rclcpp/rclcpp/executors/multi_threaded_executor.hpp:25[m[K,
                 from [01m[K/opt/ros/humble/include/rclcpp/rclcpp/executors.hpp:21[m[K,
                 from [01m[K/opt/ros/humble/include/rclcpp/rclcpp/rclcpp.hpp:155[m[K,
                 from [01m[K/home/jerry/Code/ROS2/test_2/src/rviz_plugin_tutorials/src/my_rviz_panel.hpp:8[m[K,
                 from [01m[K/home/jerry/Code/ROS2/test_2/src/rviz_plugin_tutorials/src/my_rviz_panel.cpp:1[m[K:
[01m[K/home/jerry/Code/ROS2/test_2/src/rviz_plugin_tutorials/src/my_rviz_panel.cpp:41:18:[m[K [01;31m[Kerror: [m[Kâ€˜[01m[Knode_[m[Kâ€™ was not declared in this scope; did you mean â€˜[01m[Kmode_t[m[Kâ€™?
   41 |     RCLCPP_ERROR([01;31m[Knode_[m[K->get_logger(), "Service not available.");
      |                  [01;31m[K^~~~~[m[K
[01m[K/home/jerry/Code/ROS2/test_2/src/rviz_plugin_tutorials/src/my_rviz_panel.cpp:41:5:[m[K [01;31m[Kerror: [m[Ktemplate argument 1 is invalid
   41 |     [01;31m[KRCLCPP_ERROR[m[K(node_->get_logger(), "Service not available.");
      |     [01;31m[K^~~~~~~~~~~~[m[K
[01m[K/home/jerry/Code/ROS2/test_2/src/rviz_plugin_tutorials/src/my_rviz_panel.cpp:41:5:[m[K [01;31m[Kerror: [m[Ktemplate argument 1 is invalid
   41 |     [01;31m[KRCLCPP_ERROR[m[K(node_->get_logger(), "Service not available.");
      |     [01;31m[K^~~~~~~~~~~~[m[K
[01m[K/home/jerry/Code/ROS2/test_2/src/rviz_plugin_tutorials/src/my_rviz_panel.cpp:41:5:[m[K [01;31m[Kerror: [m[Ktemplate argument 1 is invalid
   41 |     [01;31m[KRCLCPP_ERROR[m[K(node_->get_logger(), "Service not available.");
      |     [01;31m[K^~~~~~~~~~~~[m[K
[01m[K/home/jerry/Code/ROS2/test_2/src/rviz_plugin_tutorials/src/my_rviz_panel.cpp:46:16:[m[K [01;31m[Kerror: [m[Kâ€˜[01m[Ka_input_[m[Kâ€™ was not declared in this scope
   46 |   request->a = [01;31m[Ka_input_[m[K->text().toFloat();
      |                [01;31m[K^~~~~~~~[m[K
[01m[K/home/jerry/Code/ROS2/test_2/src/rviz_plugin_tutorials/src/my_rviz_panel.cpp:47:16:[m[K [01;31m[Kerror: [m[Kâ€˜[01m[Kb_input_[m[Kâ€™ was not declared in this scope
   47 |   request->b = [01;31m[Kb_input_[m[K->text().toFloat();
      |                [01;31m[K^~~~~~~~[m[K
[01m[K/home/jerry/Code/ROS2/test_2/src/rviz_plugin_tutorials/src/my_rviz_panel.cpp:48:16:[m[K [01;31m[Kerror: [m[Kâ€˜[01m[Kc_input_[m[Kâ€™ was not declared in this scope
   48 |   request->c = [01;31m[Kc_input_[m[K->text().toFloat();
      |                [01;31m[K^~~~~~~~[m[K
[01m[K/home/jerry/Code/ROS2/test_2/src/rviz_plugin_tutorials/src/my_rviz_panel.cpp:49:24:[m[K [01;31m[Kerror: [m[Kâ€˜[01m[Koperation_input_[m[Kâ€™ was not declared in this scope
   49 |   request->operation = [01;31m[Koperation_input_[m[K->text().toStdString();
      |                        [01;31m[K^~~~~~~~~~~~~~~~[m[K
[01m[K/home/jerry/Code/ROS2/test_2/src/rviz_plugin_tutorials/src/my_rviz_panel.cpp:51:17:[m[K [01;31m[Kerror: [m[Kâ€˜[01m[Kclient_[m[Kâ€™ was not declared in this scope
   51 |   auto future = [01;31m[Kclient_[m[K->async_send_request(request);
      |                 [01;31m[K^~~~~~~[m[K
[01m[K/home/jerry/Code/ROS2/test_2/src/rviz_plugin_tutorials/src/my_rviz_panel.cpp:54:5:[m[K [01;31m[Kerror: [m[Kâ€˜[01m[Ksend_button_[m[Kâ€™ was not declared in this scope
   54 |     [01;31m[Ksend_button_[m[K->setText(QString::number(response->result));
      |     [01;31m[K^~~~~~~~~~~~[m[K
In file included from [01m[K/opt/ros/humble/include/rclcpp/rclcpp/client.hpp:40[m[K,
                 from [01m[K/opt/ros/humble/include/rclcpp/rclcpp/callback_group.hpp:24[m[K,
                 from [01m[K/opt/ros/humble/include/rclcpp/rclcpp/any_executable.hpp:20[m[K,
                 from [01m[K/opt/ros/humble/include/rclcpp/rclcpp/memory_strategy.hpp:25[m[K,
                 from [01m[K/opt/ros/humble/include/rclcpp/rclcpp/memory_strategies.hpp:18[m[K,
                 from [01m[K/opt/ros/humble/include/rclcpp/rclcpp/executor_options.hpp:20[m[K,
                 from [01m[K/opt/ros/humble/include/rclcpp/rclcpp/executor.hpp:37[m[K,
                 from [01m[K/opt/ros/humble/include/rclcpp/rclcpp/executors/multi_threaded_executor.hpp:25[m[K,
                 from [01m[K/opt/ros/humble/include/rclcpp/rclcpp/executors.hpp:21[m[K,
                 from [01m[K/opt/ros/humble/include/rclcpp/rclcpp/rclcpp.hpp:155[m[K,
                 from [01m[K/home/jerry/Code/ROS2/test_2/src/rviz_plugin_tutorials/src/my_rviz_panel.hpp:8[m[K,
                 from [01m[K/home/jerry/Code/ROS2/test_2/src/rviz_plugin_tutorials/src/my_rviz_panel.cpp:1[m[K:
[01m[K/home/jerry/Code/ROS2/test_2/src/rviz_plugin_tutorials/src/my_rviz_panel.cpp:56:18:[m[K [01;31m[Kerror: [m[Kâ€˜[01m[Knode_[m[Kâ€™ was not declared in this scope; did you mean â€˜[01m[Kmode_t[m[Kâ€™?
   56 |     RCLCPP_ERROR([01;31m[Knode_[m[K->get_logger(), "Service call failed: %s", e.what());
      |                  [01;31m[K^~~~~[m[K
[01m[K/home/jerry/Code/ROS2/test_2/src/rviz_plugin_tutorials/src/my_rviz_panel.cpp:56:5:[m[K [01;31m[Kerror: [m[Ktemplate argument 1 is invalid
   56 |     [01;31m[KRCLCPP_ERROR[m[K(node_->get_logger(), "Service call failed: %s", e.what());
      |     [01;31m[K^~~~~~~~~~~~[m[K
[01m[K/home/jerry/Code/ROS2/test_2/src/rviz_plugin_tutorials/src/my_rviz_panel.cpp:56:5:[m[K [01;31m[Kerror: [m[Ktemplate argument 1 is invalid
   56 |     [01;31m[KRCLCPP_ERROR[m[K(node_->get_logger(), "Service call failed: %s", e.what());
      |     [01;31m[K^~~~~~~~~~~~[m[K
[01m[K/home/jerry/Code/ROS2/test_2/src/rviz_plugin_tutorials/src/my_rviz_panel.cpp:56:5:[m[K [01;31m[Kerror: [m[Ktemplate argument 1 is invalid
   56 |     [01;31m[KRCLCPP_ERROR[m[K(node_->get_logger(), "Service call failed: %s", e.what());
      |     [01;31m[K^~~~~~~~~~~~[m[K
In file included from [01m[K/opt/ros/humble/include/class_loader/class_loader/class_loader.hpp:56[m[K,
                 from [01m[K/opt/ros/humble/include/pluginlib/pluginlib/class_list_macros.hpp:40[m[K,
                 from [01m[K/home/jerry/Code/ROS2/test_2/src/rviz_plugin_tutorials/src/my_rviz_panel.cpp:4[m[K:
[01m[K/home/jerry/Code/ROS2/test_2/src/rviz_plugin_tutorials/src/my_rviz_panel.cpp:[m[K At global scope:
[01m[K/home/jerry/Code/ROS2/test_2/src/rviz_plugin_tutorials/src/my_rviz_panel.cpp:65:40:[m[K [01;31m[Kerror: [m[Kâ€˜[01m[KMyRvizPanel[m[Kâ€™ in namespace â€˜[01m[Kmy_rviz_plugin[m[Kâ€™ does not name a type
   65 | PLUGINLIB_EXPORT_CLASS(my_rviz_plugin::[01;31m[KMyRvizPanel[m[K, rviz_common::Panel)
      |                                        [01;31m[K^~~~~~~~~~~[m[K
[01m[K/home/jerry/Code/ROS2/test_2/src/rviz_plugin_tutorials/src/my_rviz_panel.cpp:[m[K In constructor â€˜[01m[K{anonymous}::ProxyExec0::ProxyExec0()[m[Kâ€™:
[01m[K/home/jerry/Code/ROS2/test_2/src/rviz_plugin_tutorials/src/my_rviz_panel.cpp:65:1:[m[K [01;31m[Kerror: [m[Kâ€˜[01m[K_derived[m[Kâ€™ was not declared in this scope
   65 | [01;31m[KPLUGINLIB_EXPORT_CLASS[m[K(my_rviz_plugin::MyRvizPanel, rviz_common::Panel)
      | [01;31m[K^~~~~~~~~~~~~~~~~~~~~~[m[K
[01m[K/home/jerry/Code/ROS2/test_2/src/rviz_plugin_tutorials/src/my_rviz_panel.cpp:65:1:[m[K [01;31m[Kerror: [m[Kno matching function for call to â€˜[01m[KregisterPlugin<<expression error>, {anonymous}::ProxyExec0::_base>(const char [28], const char [19])[m[Kâ€™
   65 | [01;31m[KPLUGINLIB_EXPORT_CLASS[m[K(my_rviz_plugin::MyRvizPanel, rviz_common::Panel)
      | [01;31m[K^~~~~~~~~~~~~~~~~~~~~~[m[K
In file included from [01m[K/opt/ros/humble/include/class_loader/class_loader/class_loader.hpp:55[m[K,
                 from [01m[K/opt/ros/humble/include/pluginlib/pluginlib/class_list_macros.hpp:40[m[K,
                 from [01m[K/home/jerry/Code/ROS2/test_2/src/rviz_plugin_tutorials/src/my_rviz_panel.cpp:4[m[K:
[01m[K/opt/ros/humble/include/class_loader/class_loader/class_loader_core.hpp:210:6:[m[K [01;36m[Knote: [m[Kcandidate: â€˜[01m[Ktemplate<class Derived, class Base> void class_loader::impl::registerPlugin(const string&, const string&)[m[Kâ€™
  210 | void [01;36m[KregisterPlugin[m[K(const std::string & class_name, const std::string & base_class_name)
      |      [01;36m[K^~~~~~~~~~~~~~[m[K
[01m[K/opt/ros/humble/include/class_loader/class_loader/class_loader_core.hpp:210:6:[m[K [01;36m[Knote: [m[K  template argument deduction/substitution failed:
In file included from [01m[K/opt/ros/humble/include/class_loader/class_loader/class_loader.hpp:56[m[K,
                 from [01m[K/opt/ros/humble/include/pluginlib/pluginlib/class_list_macros.hpp:40[m[K,
                 from [01m[K/home/jerry/Code/ROS2/test_2/src/rviz_plugin_tutorials/src/my_rviz_panel.cpp:4[m[K:
[01m[K/home/jerry/Code/ROS2/test_2/src/rviz_plugin_tutorials/src/my_rviz_panel.cpp:65:1:[m[K [01;31m[Kerror: [m[Ktemplate argument 1 is invalid
   65 | [01;31m[KPLUGINLIB_EXPORT_CLASS[m[K(my_rviz_plugin::MyRvizPanel, rviz_common::Panel)
      | [01;31m[K^~~~~~~~~~~~~~~~~~~~~~[m[K
gmake[2]: *** [CMakeFiles/rviz_plugin_tutorials.dir/build.make:160: CMakeFiles/rviz_plugin_tutorials.dir/src/my_rviz_panel.cpp.o] Error 1
gmake[2]: *** Waiting for unfinished jobs....
gmake[1]: *** [CMakeFiles/Makefile2:138: CMakeFiles/rviz_plugin_tutorials.dir/all] Error 2
gmake: *** [Makefile:146: all] Error 2
