[01m[K/home/jerry/Code/ROS2/test_2/src/my_rviz_plugin/src/my_rviz_panel.cpp:1:10:[m[K [01;31m[Kfatal error: [m[Kmy_rviz_panel.hpp: No such file or directory
    1 | #include [01;31m[K"my_rviz_panel.hpp"[m[K
      |          [01;31m[K^~~~~~~~~~~~~~~~~~~[m[K
compilation terminated.
gmake[2]: *** [CMakeFiles/my_rviz_plugin.dir/build.make:90: CMakeFiles/my_rviz_plugin.dir/src/my_rviz_panel.cpp.o] Error 1
gmake[2]: *** Waiting for unfinished jobs....
gmake[1]: *** [CMakeFiles/Makefile2:138: CMakeFiles/my_rviz_plugin.dir/all] Error 2
gmake: *** [Makefile:146: all] Error 2
