[0.315s] Invoking command in '/home/jerry/Code/ROS2/test_2/build/rviz_plugin_tutorials': CMAKE_PREFIX_PATH=/home/jerry/Code/ROS2/test_2/install/test_2_interfaces:/home/jerry/Code/ROS2/test_2/install/my_rviz_plugin:/home/jerry/Code/ROS2/test_2/install/rviz_plugin_tutorials:/home/jerry/Code/ROS2/test_2/install/rviz_plugin_sum_product:/home/jerry/Code/ROS2/test_2/install:/home/jerry/Code/ROS2/test_2/install/test_2:/opt/ros/humble LD_LIBRARY_PATH=/home/jerry/Code/ROS2/test_2/install/test_2_interfaces/lib:/home/jerry/Code/ROS2/test_2/install/my_rviz_plugin/lib:/opt/ros/humble/opt/rviz_ogre_vendor/lib:/opt/ros/humble/lib/x86_64-linux-gnu:/opt/ros/humble/lib:/usr/lib/wsl/lib:/usr/local/cuda-11.7/lib64 /usr/bin/cmake --build /home/jerry/Code/ROS2/test_2/build/rviz_plugin_tutorials -- -j12 -l12
[0.360s] [ 11%] [34m[1mAutomatic MOC and UIC for target rviz_plugin_tutorials[0m
[0.624s] [ 11%] Built target rviz_plugin_tutorials_autogen
[0.642s] [35m[1mConsolidate compiler generated dependencies of target rviz_plugin_tutorials[0m
[0.676s] [ 22%] [32mBuilding CXX object CMakeFiles/rviz_plugin_tutorials.dir/rviz_plugin_tutorials_autogen/mocs_compilation.cpp.o[0m
[0.677s] [ 33%] [32mBuilding CXX object CMakeFiles/rviz_plugin_tutorials.dir/src/my_rviz_panel.cpp.o[0m
[4.582s] In file included from [01m[K/opt/ros/humble/include/class_loader/class_loader/class_loader.hpp:56[m[K,
[4.582s]                  from [01m[K/opt/ros/humble/include/pluginlib/pluginlib/class_list_macros.hpp:40[m[K,
[4.582s]                  from [01m[K/home/jerry/Code/ROS2/test_2/src/rviz_plugin_tutorials/src/my_rviz_panel.cpp:4[m[K:
[4.582s] [01m[K/home/jerry/Code/ROS2/test_2/src/rviz_plugin_tutorials/src/my_rviz_panel.cpp:65:24:[m[K [01;31m[Kerror: [m[Kâ€˜[01m[Krviz_plugin_tutorials[m[Kâ€™ does not name a type; did you mean â€˜[01m[Krviz_plugin_tutorials_EXPORTS[m[Kâ€™?
[4.582s]    65 | PLUGINLIB_EXPORT_CLASS([01;31m[Krviz_plugin_tutorials[m[K::MyRvizPanel, rviz_common::Panel)
[4.582s]       |                        [01;31m[K^~~~~~~~~~~~~~~~~~~~~[m[K
[4.598s] [01m[K/home/jerry/Code/ROS2/test_2/src/rviz_plugin_tutorials/src/my_rviz_panel.cpp:[m[K In constructor â€˜[01m[K{anonymous}::ProxyExec0::ProxyExec0()[m[Kâ€™:
[4.598s] [01m[K/home/jerry/Code/ROS2/test_2/src/rviz_plugin_tutorials/src/my_rviz_panel.cpp:65:1:[m[K [01;31m[Kerror: [m[Kâ€˜[01m[K_derived[m[Kâ€™ was not declared in this scope
[4.598s]    65 | [01;31m[KPLUGINLIB_EXPORT_CLASS[m[K(rviz_plugin_tutorials::MyRvizPanel, rviz_common::Panel)
[4.598s]       | [01;31m[K^~~~~~~~~~~~~~~~~~~~~~[m[K
[4.598s] [01m[K/home/jerry/Code/ROS2/test_2/src/rviz_plugin_tutorials/src/my_rviz_panel.cpp:65:1:[m[K [01;31m[Kerror: [m[Kno matching function for call to â€˜[01m[KregisterPlugin<<expression error>, {anonymous}::ProxyExec0::_base>(const char [35], const char [19])[m[Kâ€™
[4.598s]    65 | [01;31m[KPLUGINLIB_EXPORT_CLASS[m[K(rviz_plugin_tutorials::MyRvizPanel, rviz_common::Panel)
[4.598s]       | [01;31m[K^~~~~~~~~~~~~~~~~~~~~~[m[K
[4.598s] In file included from [01m[K/opt/ros/humble/include/class_loader/class_loader/class_loader.hpp:55[m[K,
[4.598s]                  from [01m[K/opt/ros/humble/include/pluginlib/pluginlib/class_list_macros.hpp:40[m[K,
[4.599s]                  from [01m[K/home/jerry/Code/ROS2/test_2/src/rviz_plugin_tutorials/src/my_rviz_panel.cpp:4[m[K:
[4.599s] [01m[K/opt/ros/humble/include/class_loader/class_loader/class_loader_core.hpp:210:6:[m[K [01;36m[Knote: [m[Kcandidate: â€˜[01m[Ktemplate<class Derived, class Base> void class_loader::impl::registerPlugin(const string&, const string&)[m[Kâ€™
[4.599s]   210 | void [01;36m[KregisterPlugin[m[K(const std::string & class_name, const std::string & base_class_name)
[4.599s]       |      [01;36m[K^~~~~~~~~~~~~~[m[K
[4.600s] [01m[K/opt/ros/humble/include/class_loader/class_loader/class_loader_core.hpp:210:6:[m[K [01;36m[Knote: [m[K  template argument deduction/substitution failed:
[4.600s] In file included from [01m[K/opt/ros/humble/include/class_loader/class_loader/class_loader.hpp:56[m[K,
[4.600s]                  from [01m[K/opt/ros/humble/include/pluginlib/pluginlib/class_list_macros.hpp:40[m[K,
[4.600s]                  from [01m[K/home/jerry/Code/ROS2/test_2/src/rviz_plugin_tutorials/src/my_rviz_panel.cpp:4[m[K:
[4.600s] [01m[K/home/jerry/Code/ROS2/test_2/src/rviz_plugin_tutorials/src/my_rviz_panel.cpp:65:1:[m[K [01;31m[Kerror: [m[Ktemplate argument 1 is invalid
[4.600s]    65 | [01;31m[KPLUGINLIB_EXPORT_CLASS[m[K(rviz_plugin_tutorials::MyRvizPanel, rviz_common::Panel)
[4.600s]       | [01;31m[K^~~~~~~~~~~~~~~~~~~~~~[m[K
[5.612s] gmake[2]: *** [CMakeFiles/rviz_plugin_tutorials.dir/build.make:160: CMakeFiles/rviz_plugin_tutorials.dir/src/my_rviz_panel.cpp.o] Error 1
[5.612s] gmake[2]: *** Waiting for unfinished jobs....
[14.413s] gmake[1]: *** [CMakeFiles/Makefile2:138: CMakeFiles/rviz_plugin_tutorials.dir/all] Error 2
[14.413s] gmake: *** [Makefile:146: all] Error 2
[14.415s] Invoked command in '/home/jerry/Code/ROS2/test_2/build/rviz_plugin_tutorials' returned '2': CMAKE_PREFIX_PATH=/home/jerry/Code/ROS2/test_2/install/test_2_interfaces:/home/jerry/Code/ROS2/test_2/install/my_rviz_plugin:/home/jerry/Code/ROS2/test_2/install/rviz_plugin_tutorials:/home/jerry/Code/ROS2/test_2/install/rviz_plugin_sum_product:/home/jerry/Code/ROS2/test_2/install:/home/jerry/Code/ROS2/test_2/install/test_2:/opt/ros/humble LD_LIBRARY_PATH=/home/jerry/Code/ROS2/test_2/install/test_2_interfaces/lib:/home/jerry/Code/ROS2/test_2/install/my_rviz_plugin/lib:/opt/ros/humble/opt/rviz_ogre_vendor/lib:/opt/ros/humble/lib/x86_64-linux-gnu:/opt/ros/humble/lib:/usr/lib/wsl/lib:/usr/local/cuda-11.7/lib64 /usr/bin/cmake --build /home/jerry/Code/ROS2/test_2/build/rviz_plugin_tutorials -- -j12 -l12
