[0.243s] Invoking command in '/home/jerry/Code/ROS2/test_2/build/my_rviz_plugin': CMAKE_PREFIX_PATH=/home/jerry/Code/ROS2/test_2/install/test_2_interfaces:/home/jerry/Code/ROS2/test_2/install/rviz_plugin_tutorials:/home/jerry/Code/ROS2/test_2/install/test_2:/opt/ros/humble /usr/bin/cmake --build /home/jerry/Code/ROS2/test_2/build/my_rviz_plugin -- -j12 -l12
[0.284s] [ 25%] [34m[1mAutomatic MOC and UIC for target my_rviz_plugin[0m
[0.302s] [ 25%] Built target my_rviz_plugin_autogen
[0.313s] [35m[1mConsolidate compiler generated dependencies of target my_rviz_plugin[0m
[0.322s] [ 50%] [32mBuilding CXX object CMakeFiles/my_rviz_plugin.dir/src/my_rviz_panel.cpp.o[0m
[0.360s] [01m[K/home/jerry/Code/ROS2/test_2/src/my_rviz_plugin/src/my_rviz_panel.cpp:1:10:[m[K [01;31m[Kfatal error: [m[Kmy_rviz_panel.hpp: No such file or directory
[0.360s]     1 | #include [01;31m[K"my_rviz_panel.hpp"[m[K
[0.360s]       |          [01;31m[K^~~~~~~~~~~~~~~~~~~[m[K
[0.360s] compilation terminated.
[0.361s] gmake[2]: *** [CMakeFiles/my_rviz_plugin.dir/build.make:90: CMakeFiles/my_rviz_plugin.dir/src/my_rviz_panel.cpp.o] Error 1
[0.362s] gmake[1]: *** [CMakeFiles/Makefile2:138: CMakeFiles/my_rviz_plugin.dir/all] Error 2
[0.362s] gmake: *** [Makefile:146: all] Error 2
[0.364s] Invoked command in '/home/jerry/Code/ROS2/test_2/build/my_rviz_plugin' returned '2': CMAKE_PREFIX_PATH=/home/jerry/Code/ROS2/test_2/install/test_2_interfaces:/home/jerry/Code/ROS2/test_2/install/rviz_plugin_tutorials:/home/jerry/Code/ROS2/test_2/install/test_2:/opt/ros/humble /usr/bin/cmake --build /home/jerry/Code/ROS2/test_2/build/my_rviz_plugin -- -j12 -l12
